[0m20:17:08.777325 [debug] [MainThread]: Sending event: {'category': 'dbt', 'action': 'invocation', 'label': 'start', 'context': [<snowplow_tracker.self_describing_json.SelfDescribingJson object at 0x000002A84D1D9D30>, <snowplow_tracker.self_describing_json.SelfDescribingJson object at 0x000002A849C2EC10>, <snowplow_tracker.self_describing_json.SelfDescribingJson object at 0x000002A84F387B10>]}


============================== 20:17:08.818981 | ac48cc7b-6ab3-4a73-98a0-4076741f625e ==============================
[0m20:17:08.818981 [info ] [MainThread]: Running with dbt=1.11.11
[0m20:17:08.820594 [debug] [MainThread]: running dbt with arguments {'version_check': 'True', 'no_print': 'None', 'static_parser': 'True', 'target_path': 'None', 'warn_error_options': 'WarnErrorOptionsV2(error=[], warn=[], silence=[])', 'printer_width': '80', 'write_json': 'True', 'introspect': 'True', 'log_cache_events': 'False', 'empty': 'None', 'cache_selected_only': 'False', 'fail_fast': 'False', 'debug': 'False', 'log_format': 'default', 'profiles_dir': 'C:\\Users\\lavanya.vandrangi\\.dbt', 'send_anonymous_usage_stats': 'True', 'quiet': 'False', 'warn_error': 'None', 'partial_parse': 'True', 'invocation_command': 'dbt init de_role_dashboard', 'use_colors': 'True', 'indirect_selection': 'eager', 'use_experimental_parser': 'False', 'log_path': 'logs'}
[0m20:17:08.872162 [info ] [MainThread]: Creating dbt configuration folder at C:\Users\lavanya.vandrangi\.dbt
[0m20:17:08.876627 [debug] [MainThread]: Starter project path: C:\Users\lavanya.vandrangi\Documents\Projects\de-role-evolution-dashboard\venv\Lib\site-packages\dbt\include\starter_project
[0m20:17:08.912439 [info ] [MainThread]: 
Your new dbt project "de_role_dashboard" was created!

For more information on how to configure the profiles.yml file,
please consult the dbt documentation here:

  https://docs.getdbt.com/docs/configure-your-profile

One more thing:

Need help? Don't hesitate to reach out to us via GitHub issues or on Slack:

  https://community.getdbt.com/

Happy modeling!

[0m20:17:08.913388 [info ] [MainThread]: Setting up your profile.
[0m20:17:27.736699 [info ] [MainThread]: Profile de_role_dashboard written to C:\Users\lavanya.vandrangi\.dbt\profiles.yml using target's sample configuration. Once updated, you'll be able to start developing with dbt.
[0m20:17:27.738566 [debug] [MainThread]: Command `dbt init` succeeded at 20:17:27.738360 after 19.17 seconds
[0m20:17:27.739097 [debug] [MainThread]: Sending event: {'category': 'dbt', 'action': 'invocation', 'label': 'end', 'context': [<snowplow_tracker.self_describing_json.SelfDescribingJson object at 0x000002A84F3836F0>, <snowplow_tracker.self_describing_json.SelfDescribingJson object at 0x000002A84DD304D0>, <snowplow_tracker.self_describing_json.SelfDescribingJson object at 0x000002A84F45D6A0>]}
[0m20:17:27.740053 [debug] [MainThread]: Flushing usage events
[0m20:17:29.472722 [debug] [MainThread]: An error was encountered while trying to flush usage events
[0m20:17:52.773224 [debug] [MainThread]: Sending event: {'category': 'dbt', 'action': 'invocation', 'label': 'start', 'context': [<snowplow_tracker.self_describing_json.SelfDescribingJson object at 0x000001680C911D30>, <snowplow_tracker.self_describing_json.SelfDescribingJson object at 0x000001680939EC10>, <snowplow_tracker.self_describing_json.SelfDescribingJson object at 0x000001680EACBB10>]}


============================== 20:17:52.777246 | 78770ecf-0b65-47d9-a61d-4531b7bfecc1 ==============================
[0m20:17:52.777246 [info ] [MainThread]: Running with dbt=1.11.11
[0m20:17:52.778124 [debug] [MainThread]: running dbt with arguments {'static_parser': 'True', 'no_print': 'None', 'version_check': 'True', 'target_path': 'None', 'warn_error_options': 'WarnErrorOptionsV2(error=[], warn=[], silence=[])', 'printer_width': '80', 'write_json': 'True', 'empty': 'None', 'log_cache_events': 'False', 'introspect': 'True', 'cache_selected_only': 'False', 'log_format': 'default', 'debug': 'False', 'fail_fast': 'False', 'profiles_dir': 'C:\\Users\\lavanya.vandrangi\\.dbt', 'send_anonymous_usage_stats': 'True', 'quiet': 'False', 'warn_error': 'None', 'partial_parse': 'True', 'invocation_command': 'dbt debug', 'indirect_selection': 'eager', 'use_colors': 'True', 'use_experimental_parser': 'False', 'log_path': 'logs'}
[0m20:17:52.798892 [info ] [MainThread]: dbt version: 1.11.11
[0m20:17:52.799731 [info ] [MainThread]: python version: 3.13.2
[0m20:17:52.800207 [info ] [MainThread]: python path: C:\Users\lavanya.vandrangi\Documents\Projects\de-role-evolution-dashboard\venv\Scripts\python.exe
[0m20:17:52.800806 [info ] [MainThread]: os info: Windows-11-10.0.22631-SP0
[0m20:17:52.906279 [info ] [MainThread]: Using profiles dir at C:\Users\lavanya.vandrangi\.dbt
[0m20:17:52.907106 [info ] [MainThread]: Using profiles.yml file at C:\Users\lavanya.vandrangi\.dbt\profiles.yml
[0m20:17:52.907895 [info ] [MainThread]: Using dbt_project.yml file at C:\Users\lavanya.vandrangi\Documents\Projects\de-role-evolution-dashboard\dbt_project.yml
[0m20:17:52.910383 [info ] [MainThread]: adapter type: duckdb
[0m20:17:52.911079 [info ] [MainThread]: adapter version: 1.10.1
[0m20:17:52.911770 [info ] [MainThread]: Configuration:
[0m20:17:52.912378 [info ] [MainThread]:   profiles.yml file [[32mOK found and valid[0m]
[0m20:17:52.912942 [info ] [MainThread]:   dbt_project.yml file [[31mERROR not found[0m]
[0m20:17:52.913508 [info ] [MainThread]: Required dependencies:
[0m20:17:52.914179 [debug] [MainThread]: Executing "git --help"
[0m20:17:53.014869 [debug] [MainThread]: STDOUT: "b"usage: git [-v | --version] [-h | --help] [-C <path>] [-c <name>=<value>]\n           [--exec-path[=<path>]] [--html-path] [--man-path] [--info-path]\n           [-p | --paginate | -P | --no-pager] [--no-replace-objects] [--no-lazy-fetch]\n           [--no-optional-locks] [--no-advice] [--bare] [--git-dir=<path>]\n           [--work-tree=<path>] [--namespace=<name>] [--config-env=<name>=<envvar>]\n           <command> [<args>]\n\nThese are common Git commands used in various situations:\n\nstart a working area (see also: git help tutorial)\n   clone      Clone a repository into a new directory\n   init       Create an empty Git repository or reinitialize an existing one\n\nwork on the current change (see also: git help everyday)\n   add        Add file contents to the index\n   mv         Move or rename a file, a directory, or a symlink\n   restore    Restore working tree files\n   rm         Remove files from the working tree and from the index\n\nexamine the history and state (see also: git help revisions)\n   bisect     Use binary search to find the commit that introduced a bug\n   diff       Show changes between commits, commit and working tree, etc\n   grep       Print lines matching a pattern\n   log        Show commit logs\n   show       Show various types of objects\n   status     Show the working tree status\n\ngrow, mark and tweak your common history\n   backfill   Download missing objects in a partial clone\n   branch     List, create, or delete branches\n   commit     Record changes to the repository\n   merge      Join two or more development histories together\n   rebase     Reapply commits on top of another base tip\n   reset      Reset current HEAD to the specified state\n   switch     Switch branches\n   tag        Create, list, delete or verify tags\n\ncollaborate (see also: git help workflows)\n   fetch      Download objects and refs from another repository\n   pull       Fetch from and integrate with another repository or a local branch\n   push       Update remote refs along with associated objects\n\n'git help -a' and 'git help -g' list available subcommands and some\nconcept guides. See 'git help <command>' or 'git help <concept>'\nto read about a specific subcommand or concept.\nSee 'git help git' for an overview of the system.\n""
[0m20:17:53.015291 [debug] [MainThread]: STDERR: "b''"
[0m20:17:53.015587 [info ] [MainThread]:  - git [[32mOK found[0m]

[0m20:17:53.016219 [info ] [MainThread]: Connection:
[0m20:17:53.016842 [info ] [MainThread]:   database: dev
[0m20:17:53.017480 [info ] [MainThread]:   schema: main
[0m20:17:53.018019 [info ] [MainThread]:   path: dev.duckdb
[0m20:17:53.018520 [info ] [MainThread]:   config_options: None
[0m20:17:53.019101 [info ] [MainThread]:   extensions: None
[0m20:17:53.019677 [info ] [MainThread]:   settings: {}
[0m20:17:53.020271 [info ] [MainThread]:   external_root: .
[0m20:17:53.020943 [info ] [MainThread]:   use_credential_provider: None
[0m20:17:53.021437 [info ] [MainThread]:   attach: None
[0m20:17:53.022059 [info ] [MainThread]:   filesystems: None
[0m20:17:53.022672 [info ] [MainThread]:   remote: None
[0m20:17:53.023380 [info ] [MainThread]:   plugins: None
[0m20:17:53.024040 [info ] [MainThread]:   disable_transactions: False
[0m20:17:53.024984 [info ] [MainThread]: Registered adapter: duckdb=1.10.1
[0m20:17:53.289155 [debug] [MainThread]: Acquiring new duckdb connection 'debug'
[0m20:17:53.486447 [debug] [MainThread]: Using duckdb connection "debug"
[0m20:17:53.486957 [debug] [MainThread]: On debug: select 1 as id
[0m20:17:53.487325 [debug] [MainThread]: Opening a new connection, currently in state init
[0m20:17:53.509300 [debug] [MainThread]: SQL status: OK in 0.022 seconds
[0m20:17:53.510256 [debug] [MainThread]: On debug: Close
[0m20:17:53.510627 [info ] [MainThread]:   Connection test: [[32mOK connection ok[0m]

[0m20:17:53.511319 [info ] [MainThread]: [31m1 check failed:[0m
[0m20:17:53.512030 [info ] [MainThread]: Project loading failed for the following reason:
 project path <C:\Users\lavanya.vandrangi\Documents\Projects\de-role-evolution-dashboard\dbt_project.yml> not found

[0m20:17:53.513220 [debug] [MainThread]: Command `dbt debug` failed at 20:17:53.513103 after 0.96 seconds
[0m20:17:53.513512 [debug] [MainThread]: Connection 'debug' was properly closed.
[0m20:17:53.513799 [debug] [MainThread]: Sending event: {'category': 'dbt', 'action': 'invocation', 'label': 'end', 'context': [<snowplow_tracker.self_describing_json.SelfDescribingJson object at 0x000001680F5755B0>, <snowplow_tracker.self_describing_json.SelfDescribingJson object at 0x000001680F305910>, <snowplow_tracker.self_describing_json.SelfDescribingJson object at 0x000001680EBA1BF0>]}
[0m20:17:53.514116 [debug] [MainThread]: Flushing usage events
[0m20:17:54.614872 [debug] [MainThread]: An error was encountered while trying to flush usage events
[0m21:08:04.145034 [debug] [MainThread]: Sending event: {'category': 'dbt', 'action': 'invocation', 'label': 'start', 'context': [<snowplow_tracker.self_describing_json.SelfDescribingJson object at 0x0000018EBE901D30>, <snowplow_tracker.self_describing_json.SelfDescribingJson object at 0x0000018EBB2DEC10>, <snowplow_tracker.self_describing_json.SelfDescribingJson object at 0x0000018EC0ABBC50>]}


============================== 21:08:04.150484 | 177a7858-ed21-4a68-9bd6-fa450197ff99 ==============================
[0m21:08:04.150484 [info ] [MainThread]: Running with dbt=1.11.11
[0m21:08:04.151085 [debug] [MainThread]: running dbt with arguments {'static_parser': 'True', 'no_print': 'None', 'version_check': 'True', 'target_path': 'None', 'warn_error_options': 'WarnErrorOptionsV2(error=[], warn=[], silence=[])', 'printer_width': '80', 'write_json': 'True', 'empty': 'False', 'log_cache_events': 'False', 'introspect': 'True', 'cache_selected_only': 'False', 'log_format': 'default', 'debug': 'False', 'fail_fast': 'False', 'partial_parse': 'True', 'send_anonymous_usage_stats': 'True', 'quiet': 'False', 'warn_error': 'None', 'profiles_dir': 'C:\\Users\\lavanya.vandrangi\\.dbt', 'use_colors': 'True', 'invocation_command': 'dbt run', 'indirect_selection': 'eager', 'use_experimental_parser': 'False', 'log_path': 'logs'}
[0m21:08:04.151444 [error] [MainThread]: Encountered an error:
Runtime Error
  No dbt_project.yml found at expected path C:\Users\lavanya.vandrangi\Documents\Projects\de-role-evolution-dashboard\dbt_project.yml
  Verify that each entry within packages.yml (and their transitive dependencies) contains a file named dbt_project.yml
  
[0m21:08:04.152379 [debug] [MainThread]: Command `dbt run` failed at 21:08:04.152286 after 0.17 seconds
[0m21:08:04.152621 [debug] [MainThread]: Sending event: {'category': 'dbt', 'action': 'invocation', 'label': 'end', 'context': [<snowplow_tracker.self_describing_json.SelfDescribingJson object at 0x0000018EC0ACF820>, <snowplow_tracker.self_describing_json.SelfDescribingJson object at 0x0000018EC0AF32F0>, <snowplow_tracker.self_describing_json.SelfDescribingJson object at 0x0000018EC0A0B8A0>]}
[0m21:08:04.152858 [debug] [MainThread]: Flushing usage events
[0m21:08:05.079542 [debug] [MainThread]: An error was encountered while trying to flush usage events
